c:\users\john\documents\visual studio 2013\projects\nat_udp_client\nat_udp_client\debug\nat_udp_client.pch
c:\users\john\documents\visual studio 2013\projects\nat_udp_client\nat_udp_client\debug\vc120.pdb
c:\users\john\documents\visual studio 2013\projects\nat_udp_client\nat_udp_client\debug\vc120.idb
c:\users\john\documents\visual studio 2013\projects\nat_udp_client\nat_udp_client\debug\stdafx.obj
c:\users\john\documents\visual studio 2013\projects\nat_udp_client\nat_udp_client\debug\nat_udp_client.obj
c:\users\john\documents\visual studio 2013\projects\nat_udp_client\debug\nat_udp_client.ilk
c:\users\john\documents\visual studio 2013\projects\nat_udp_client\debug\nat_udp_client.exe
c:\users\john\documents\visual studio 2013\projects\nat_udp_client\debug\nat_udp_client.pdb
c:\msys64\home\john\git\nat_udp\windows_client\win32\nat_udp_client\nat_udp_client\debug\nat_udp_client.obj
c:\msys64\home\john\git\nat_udp\windows_client\win32\nat_udp_client\nat_udp_client\debug\stdafx.obj
c:\msys64\home\john\git\nat_udp\windows_client\win32\nat_udp_client\nat_udp_client\debug\nat_udp_client.pch
c:\msys64\home\john\git\nat_udp\windows_client\win32\nat_udp_client\nat_udp_client\debug\vc120.idb
c:\msys64\home\john\git\nat_udp\windows_client\win32\nat_udp_client\nat_udp_client\debug\vc120.pdb
c:\msys64\home\john\git\nat_udp\windows_client\win32\nat_udp_client\debug\nat_udp_client.pdb
c:\msys64\home\john\git\nat_udp\windows_client\win32\nat_udp_client\debug\nat_udp_client.exe
c:\msys64\home\john\git\nat_udp\windows_client\win32\nat_udp_client\debug\nat_udp_client.ilk
c:\msys64\home\john\git\nat_udp\windows_client\win32\nat_udp_client\nat_udp_client\debug\nat_udp_client.tlog\cl.command.1.tlog
c:\msys64\home\john\git\nat_udp\windows_client\win32\nat_udp_client\nat_udp_client\debug\nat_udp_client.tlog\cl.read.1.tlog
c:\msys64\home\john\git\nat_udp\windows_client\win32\nat_udp_client\nat_udp_client\debug\nat_udp_client.tlog\cl.write.1.tlog
c:\msys64\home\john\git\nat_udp\windows_client\win32\nat_udp_client\nat_udp_client\debug\nat_udp_client.tlog\link.command.1.tlog
c:\msys64\home\john\git\nat_udp\windows_client\win32\nat_udp_client\nat_udp_client\debug\nat_udp_client.tlog\link.read.1.tlog
c:\msys64\home\john\git\nat_udp\windows_client\win32\nat_udp_client\nat_udp_client\debug\nat_udp_client.tlog\link.write.1.tlog
